<?xml version="1.0" encoding="UTF-8"?>
<!-- Generated by org.testng.reporters.JUnitXMLReporter -->
<testsuite ignored="0" hostname="TRANSLATR-V2" failures="1" tests="1" name="Surefire test" time="1.157" errors="0" timestamp="2024-02-15T22:22:59 EET">
  <testcase classname="tests.WebsiteNrONETests" name="goToWebSiteTest" time="1.126">
    <failure type="org.openqa.selenium.SessionNotCreatedException" message="session not created: This version of ChromeDriver only supports Chrome version 119
Current browser version is 121.0.6167.161 with binary path C:\Program Files\Google\Chrome\Application\chrome.exe
Build info: version: &amp;apos;3.141.59&amp;apos;, revision: &amp;apos;e82be7d358&amp;apos;, time: &amp;apos;2018-11-14T08:17:03&amp;apos;
System info: host: &amp;apos;TRANSLATR-V2&amp;apos;, ip: &amp;apos;192.168.56.1&amp;apos;, os.name: &amp;apos;Windows 11&amp;apos;, os.arch: &amp;apos;amd64&amp;apos;, os.version: &amp;apos;10.0&amp;apos;, java.version: &amp;apos;21.0.1&amp;apos;
Driver info: driver.version: ChromeDriver
remote stacktrace: 	GetHandleVerifier [0x00007FF67E8182B2+55298]
	(No symbol) [0x00007FF67E785E02]
	(No symbol) [0x00007FF67E6405AB]
	(No symbol) [0x00007FF67E673E72]
	(No symbol) [0x00007FF67E6732FE]
	(No symbol) [0x00007FF67E66EC6C]
	(No symbol) [0x00007FF67E66B30E]
	(No symbol) [0x00007FF67E6AA198]
	(No symbol) [0x00007FF67E6A9CB0]
	(No symbol) [0x00007FF67E6A1E83]
	(No symbol) [0x00007FF67E67670A]
	(No symbol) [0x00007FF67E677964]
	GetHandleVerifier [0x00007FF67EB90AAB+3694587]
	GetHandleVerifier [0x00007FF67EBE728E+4048862]
	GetHandleVerifier [0x00007FF67EBDF173+4015811]
	GetHandleVerifier [0x00007FF67E8B47D6+695590]
	(No symbol) [0x00007FF67E790CE8]
	(No symbol) [0x00007FF67E78CF34]
	(No symbol) [0x00007FF67E78D062]
	(No symbol) [0x00007FF67E77D3A3]
	BaseThreadInitThunk [0x00007FFF5182257D+29]
	RtlUserThreadStart [0x00007FFF538AAA58+40]
">
      <![CDATA[org.openqa.selenium.SessionNotCreatedException: session not created: This version of ChromeDriver only supports Chrome version 119
Current browser version is 121.0.6167.161 with binary path C:\Program Files\Google\Chrome\Application\chrome.exe
Build info: version: '3.141.59', revision: 'e82be7d358', time: '2018-11-14T08:17:03'
System info: host: 'TRANSLATR-V2', ip: '192.168.56.1', os.name: 'Windows 11', os.arch: 'amd64', os.version: '10.0', java.version: '21.0.1'
Driver info: driver.version: ChromeDriver
remote stacktrace: GetHandleVerifier [0x00007FF67E8182B2+55298]
(No symbol) [0x00007FF67E785E02]
(No symbol) [0x00007FF67E6405AB]
(No symbol) [0x00007FF67E673E72]
(No symbol) [0x00007FF67E6732FE]
(No symbol) [0x00007FF67E66EC6C]
(No symbol) [0x00007FF67E66B30E]
(No symbol) [0x00007FF67E6AA198]
(No symbol) [0x00007FF67E6A9CB0]
(No symbol) [0x00007FF67E6A1E83]
(No symbol) [0x00007FF67E67670A]
(No symbol) [0x00007FF67E677964]
GetHandleVerifier [0x00007FF67EB90AAB+3694587]
GetHandleVerifier [0x00007FF67EBE728E+4048862]
GetHandleVerifier [0x00007FF67EBDF173+4015811]
GetHandleVerifier [0x00007FF67E8B47D6+695590]
(No symbol) [0x00007FF67E790CE8]
(No symbol) [0x00007FF67E78CF34]
(No symbol) [0x00007FF67E78D062]
(No symbol) [0x00007FF67E77D3A3]
BaseThreadInitThunk [0x00007FFF5182257D+29]
RtlUserThreadStart [0x00007FFF538AAA58+40]

at org.openqa.selenium.remote.W3CHandshakeResponse.lambda$errorHandler$0(W3CHandshakeResponse.java:62)
at org.openqa.selenium.remote.HandshakeResponse.lambda$getResponseFunction$0(HandshakeResponse.java:30)
at org.openqa.selenium.remote.ProtocolHandshake.lambda$createSession$0(ProtocolHandshake.java:126)
at java.base/java.util.stream.ReferencePipeline$3$1.accept(ReferencePipeline.java:197)
at java.base/java.util.Spliterators$ArraySpliterator.tryAdvance(Spliterators.java:1034)
at java.base/java.util.stream.ReferencePipeline.forEachWithCancel(ReferencePipeline.java:129)
at java.base/java.util.stream.AbstractPipeline.copyIntoWithCancel(AbstractPipeline.java:527)
at java.base/java.util.stream.AbstractPipeline.copyInto(AbstractPipeline.java:513)
at java.base/java.util.stream.AbstractPipeline.wrapAndCopyInto(AbstractPipeline.java:499)
at java.base/java.util.stream.FindOps$FindOp.evaluateSequential(FindOps.java:150)
at java.base/java.util.stream.AbstractPipeline.evaluate(AbstractPipeline.java:234)
at java.base/java.util.stream.ReferencePipeline.findFirst(ReferencePipeline.java:647)
at org.openqa.selenium.remote.ProtocolHandshake.createSession(ProtocolHandshake.java:128)
at org.openqa.selenium.remote.ProtocolHandshake.createSession(ProtocolHandshake.java:74)
at org.openqa.selenium.remote.HttpCommandExecutor.execute(HttpCommandExecutor.java:136)
at org.openqa.selenium.remote.service.DriverCommandExecutor.execute(DriverCommandExecutor.java:83)
at org.openqa.selenium.remote.RemoteWebDriver.execute(RemoteWebDriver.java:552)
at org.openqa.selenium.remote.RemoteWebDriver.startSession(RemoteWebDriver.java:213)
at org.openqa.selenium.remote.RemoteWebDriver.<init>(RemoteWebDriver.java:131)
at org.openqa.selenium.chrome.ChromeDriver.<init>(ChromeDriver.java:181)
at org.openqa.selenium.chrome.ChromeDriver.<init>(ChromeDriver.java:168)
at org.openqa.selenium.chrome.ChromeDriver.<init>(ChromeDriver.java:123)
at common.config.DriverFactory.setUp(DriverFactory.java:17)
at tests.WebsiteNrONETests.goToWebSiteTest(WebsiteNrONETests.java:11)
at java.base/java.util.ArrayList.forEach(ArrayList.java:1596)
... Removed 33 stack frames]]>
    </failure>
  </testcase> <!-- goToWebSiteTest -->
</testsuite> <!-- Surefire test -->
